<?xml version="1.0" encoding="UTF-8"?>
<!-- Generated by org.testng.reporters.JUnitReportReporter -->
<testsuite hostname="DESKTOP-4L4F65Q" failures="0" tests="1" name="com.lumacart.testcases.Tc_001_login" time="10.388" errors="0" timestamp="2023-06-12T18:04:18 IST" skipped="0">
  <testcase classname="com.lumacart.testcases.Tc_001_login" name="logintest" time="10.388"/>
  <system-out/>
</testsuite> <!-- com.lumacart.testcases.Tc_001_login -->
